<?xml version="1.0" encoding="UTF-8"?>
<testng-results ignored="0" total="2" passed="2" failed="0" skipped="0">
  <reporter-output>
  </reporter-output>
  <suite started-at="2020-12-21T18:31:59 IST" name="Package.Test1" finished-at="2020-12-21T18:32:26 IST" duration-ms="27218">
    <groups>
    </groups>
    <test started-at="2020-12-21T18:31:59 IST" name="Command line test" finished-at="2020-12-21T18:32:26 IST" duration-ms="27218">
      <class name="Package.Test1">
        <test-method is-config="true" signature="Intialize()[pri:0, instance:Package.Test1@1a7288a3]" started-at="2020-12-21T18:31:59 IST" name="Intialize" finished-at="2020-12-21T18:32:04 IST" duration-ms="5192" status="PASS">
          <reporter-output>
          </reporter-output>
        </test-method> <!-- Intialize -->
        <test-method signature="UseCase(java.lang.String, java.lang.String, java.lang.String)[pri:0, instance:Package.Test1@1a7288a3]" started-at="2020-12-21T18:32:04 IST" name="UseCase" data-provider="getData" finished-at="2020-12-21T18:32:16 IST" duration-ms="12131" status="PASS">
          <params>
            <param index="0">
              <value>
                <![CDATA[geniun customer]]>
              </value>
            </param>
            <param index="1">
              <value>
                <![CDATA[45845]]>
              </value>
            </param>
            <param index="2">
              <value>
                <![CDATA[text]]>
              </value>
            </param>
          </params>
          <reporter-output>
          </reporter-output>
        </test-method> <!-- UseCase -->
        <test-method signature="UseCase(java.lang.String, java.lang.String, java.lang.String)[pri:0, instance:Package.Test1@1a7288a3]" started-at="2020-12-21T18:32:16 IST" name="UseCase" data-provider="getData" finished-at="2020-12-21T18:32:26 IST" duration-ms="9787" status="PASS">
          <params>
            <param index="0">
              <value>
                <![CDATA[Fraud customer]]>
              </value>
            </param>
            <param index="1">
              <value>
                <![CDATA[45120]]>
              </value>
            </param>
            <param index="2">
              <value>
                <![CDATA[texting]]>
              </value>
            </param>
          </params>
          <reporter-output>
          </reporter-output>
        </test-method> <!-- UseCase -->
        <test-method is-config="true" signature="teardown()[pri:0, instance:Package.Test1@1a7288a3]" started-at="2020-12-21T18:32:26 IST" name="teardown" finished-at="2020-12-21T18:32:26 IST" duration-ms="66" status="PASS">
          <reporter-output>
          </reporter-output>
        </test-method> <!-- teardown -->
      </class> <!-- Package.Test1 -->
    </test> <!-- Command line test -->
  </suite> <!-- Package.Test1 -->
</testng-results>
