<?xml version="1.0" encoding="UTF-8"?>
<testng-results ignored="0" total="1" passed="1" failed="0" skipped="0">
  <reporter-output>
  </reporter-output>
  <suite started-at="2020-12-16T12:55:07 IST" name="Default suite" finished-at="2020-12-16T12:55:37 IST" duration-ms="30476">
    <groups>
    </groups>
    <test started-at="2020-12-16T12:55:07 IST" name="Default test" finished-at="2020-12-16T12:55:37 IST" duration-ms="30476">
      <class name="TestCases.LoginthePage">
        <test-method signature="Demo()[pri:0, instance:TestCases.LoginthePage@68567e20]" started-at="2020-12-16T12:55:07 IST" name="Demo" finished-at="2020-12-16T12:55:37 IST" duration-ms="30418" status="PASS">
          <reporter-output>
          </reporter-output>
        </test-method> <!-- Demo -->
      </class> <!-- TestCases.LoginthePage -->
    </test> <!-- Default test -->
  </suite> <!-- Default suite -->
</testng-results>
