<?xml version="1.0" encoding="UTF-8"?>
<!-- Generated by org.testng.reporters.JUnitXMLReporter -->
<testsuite ignored="0" hostname="LAPTOP-SCKJD8AC" failures="0" tests="6" name="Default test" time="0.109" errors="0" timestamp="2020-12-20T11:58:08 IST">
  <testcase classname="Part18.TestNG4" name="APILoginHome" time="0.009"/>
  <testcase classname="Part18.TestNG4" name="WebLoginHome" time="0.003"/>
  <testcase classname="Part18.TestNG4" name="zmultimethods" time="0.003"/>
  <testcase classname="Part18.TestNG4" name="zmultimethods" time="0.003"/>
  <testcase classname="Part18.TestNG4" name="zmultimethods" time="0.001"/>
  <testcase classname="Part18.TestNG4" name="MobileLoginHome" time="0.001"/>
</testsuite> <!-- Default test -->
