<?xml version="1.0" encoding="UTF-8"?>
<!-- Generated by org.testng.reporters.JUnitXMLReporter -->
<testsuite ignored="0" hostname="LAPTOP-SCKJD8AC" failures="0" tests="2" name="Landing on HomePage" time="0.177" errors="0" timestamp="2021-08-19T22:56:35 IST">
  <testcase classname="Package.Test1" name="@BeforeTest Intialize" time="0.031">
    <failure type="java.io.FileNotFoundException" message="F:\Selenium Project WorkspacesProJect\E2E\src\main\java\Resources\Data.properties (The system cannot find the path specified)">
      <![CDATA[java.io.FileNotFoundException: F:\Selenium Project WorkspacesProJect\E2E\src\main\java\Resources\Data.properties (The system cannot find the path specified)
at java.base/java.io.FileInputStream.open0(Native Method)
at java.base/java.io.FileInputStream.open(FileInputStream.java:219)
at java.base/java.io.FileInputStream.<init>(FileInputStream.java:157)
at java.base/java.io.FileInputStream.<init>(FileInputStream.java:112)
at Resources.BaseClass.Intiallization(BaseClass.java:28)
at Package.Test1.Intialize(Test1.java:33)
... Removed 24 stack frames]]>
    </failure>
  </testcase> <!-- @BeforeTest Intialize -->
  <testcase classname="Package.Test1" name="@AfterTest teardown" time="-1.629393995391E9">
    <skipped/>
  </testcase> <!-- @AfterTest teardown -->
  <testcase classname="Package.Test1" name="UseCase" time="0.0">
    <skipped/>
  </testcase> <!-- UseCase -->
  <testcase classname="Package.Test1" name="UseCase" time="0.0">
    <skipped/>
  </testcase> <!-- UseCase -->
</testsuite> <!-- Landing on HomePage -->
