<?xml version="1.0" encoding="UTF-8"?>
<!-- Generated by org.testng.reporters.JUnitXMLReporter -->
<testsuite ignored="1" hostname="LAPTOP-SCKJD8AC" failures="0" tests="4" name="Car Loan" time="0.041" errors="0" timestamp="2020-12-13T15:23:23 IST">
  <testcase classname="Part18.TestNG3" name="MobileLogincar" time="0.015"/>
  <testcase classname="Part18.TestNG3" name="MobileSingincar" time="0.002"/>
  <testcase classname="Part18.TestNG3" name="MobileSingoutincar" time="0.002"/>
  <testcase classname="Part18.TestNG3" name="WebLogincar" time="0.002"/>
  <testcase classname="Part18.TestNG3" name="APILogincar" time="0.0">
    <ignored/>
  </testcase> <!-- APILogincar -->
</testsuite> <!-- Car Loan -->
