<?xml version="1.0" encoding="UTF-8"?>
<!-- Generated by org.testng.reporters.JUnitXMLReporter -->
<testsuite ignored="9" hostname="LAPTOP-SCKJD8AC" failures="0" tests="4" name="loan" time="0.095" errors="0" timestamp="2020-12-13T15:10:53 IST">
  <testcase classname="Part18.TestNG3" name="WebLogincar" time="0.013"/>
  <testcase classname="Part18.TestNG1" name="Demo" time="0.013"/>
  <testcase classname="Part18.TestNG2" name="Ploan" time="0.013"/>
  <testcase classname="Part18.TestNG4" name="APILoginHome" time="0.004"/>
  <testcase classname="Part18.TestNG4" name="WebLoginHome" time="0.0">
    <ignored/>
  </testcase> <!-- WebLoginHome -->
  <testcase classname="Part18.TestNG3" name="MobileSingincar" time="0.0">
    <ignored/>
  </testcase> <!-- MobileSingincar -->
  <testcase classname="Part18.TestNG3" name="APILogincar" time="0.0">
    <ignored/>
  </testcase> <!-- APILogincar -->
  <testcase classname="Part18.TestNG3" name="MobileSingoutincar" time="0.0">
    <ignored/>
  </testcase> <!-- MobileSingoutincar -->
  <testcase classname="Part18.TestNG1" name="SecondTest" time="0.0">
    <ignored/>
  </testcase> <!-- SecondTest -->
  <testcase classname="Part18.TestNG2" name="Extra" time="0.0">
    <ignored/>
  </testcase> <!-- Extra -->
  <testcase classname="Part18.TestNG3" name="MobileLogincar" time="0.0">
    <ignored/>
  </testcase> <!-- MobileLogincar -->
  <testcase classname="Part18.TestNG4" name="zmultimethods" time="0.0">
    <ignored/>
  </testcase> <!-- zmultimethods -->
  <testcase classname="Part18.TestNG4" name="MobileLoginHome" time="0.0">
    <ignored/>
  </testcase> <!-- MobileLoginHome -->
</testsuite> <!-- loan -->
