<?xml version="1.0" encoding="UTF-8"?>
<testng-results ignored="0" total="1" passed="1" failed="0" skipped="0">
  <reporter-output>
  </reporter-output>
  <suite started-at="2021-05-27T06:53:47 IST" name="Suite" finished-at="2021-05-27T06:53:48 IST" duration-ms="70">
    <groups>
    </groups>
    <test started-at="2021-05-27T06:53:47 IST" name="Test" finished-at="2021-05-27T06:53:48 IST" duration-ms="70">
      <class name="project2.SeleniumTest">
        <test-method signature="first()[pri:0, instance:project2.SeleniumTest@3e84448c]" started-at="2021-05-27T06:53:47 IST" name="first" finished-at="2021-05-27T06:53:48 IST" duration-ms="12" status="PASS">
          <reporter-output>
          </reporter-output>
        </test-method> <!-- first -->
      </class> <!-- project2.SeleniumTest -->
    </test> <!-- Test -->
  </suite> <!-- Suite -->
</testng-results>
